<?xml version="1.0" encoding="UTF-8"?>
<!-- Generated by org.testng.reporters.JUnitReportReporter -->
<testsuite skipped="0" hostname="DESKTOP-P6FUNML" name="com.test.Invocationcount" tests="5" failures="0" timestamp="27 May 2020 10:57:57 GMT" time="0.028" errors="0">
  <testcase name="sum" time="0.002" classname="com.test.Invocationcount"/>
  <testcase name="sum" time="0.004" classname="com.test.Invocationcount"/>
  <testcase name="sum" time="0.014" classname="com.test.Invocationcount"/>
  <testcase name="sum" time="0.006" classname="com.test.Invocationcount"/>
  <testcase name="sum" time="0.002" classname="com.test.Invocationcount"/>
</testsuite> <!-- com.test.Invocationcount -->
