<?xml version="1.0" encoding="UTF-8"?>
<!-- Generated by org.testng.reporters.JUnitReportReporter -->
<testsuite skipped="0" hostname="DESKTOP-P6FUNML" name="com.test.TestNgBasics" tests="1" failures="0" timestamp="23 Apr 2020 13:00:46 GMT" time="0.009" errors="0">
  <testcase name="GoogleTestTitle" time="0.009" classname="com.test.TestNgBasics"/>
</testsuite> <!-- com.test.TestNgBasics -->
